
ASEM-51 V1.3                                         Copyright (c) 2002 by W.W. Heinz                                         PAGE 1





       MCS-51 Family Macro Assembler   A S E M - 5 1   V 1.3
       =====================================================



	Source File:	D:\mata kuliah UIN SGD\semester 5\Prak.SISMIK\UTS\sahrul\cooler.asm
	Object File:	D:\mata kuliah UIN SGD\semester 5\Prak.SISMIK\UTS\sahrul\cooler.hex
	List File:	D:\mata kuliah UIN SGD\semester 5\Prak.SISMIK\UTS\sahrul\cooler.lst



 Line  I  Addr  Code            Source

    1:		N      0000	org 00h
    2:	  0000	75 A0 00		MOV P2,#00H
    3:	  0003	75 90 00		MOV P1,#00H
    4:	  0006	20 90 03		JB P1.0, KECEPATANSATU
    5:	  0009	20 91 09		JB P1.1,KECEPATANDUA
    6:
    7:	  000C				KECEPATANSATU :
    8:	  000C	75 A0 01		MOV P2,#00000001B
    9:	  000F	20 90 FA		JB P1.0,KECEPATANSATU  ;TOMBOL BUTTON 1
   10:	  0012	75 A0 00		MOV P2,#00000000B
   11:
   12:	  0015				KECEPATANDUA :
   13:	  0015	75 A0 02		MOV P2,#00000010B
   14:	  0018	20 91 FA		JB P1.1,KECEPATANDUA ;TOMBOL BUTTON 2
   15:	  001B	75 A0 00		MOV P2,#00000000B
   16:
   17:
   18:
   19:				END





                     register banks used:  ---

                     no errors




ASEM-51 V1.3                                         Copyright (c) 2002 by W.W. Heinz                                         PAGE 2





	       L I S T   O F   S Y M B O L S
	       =============================


SYMBOL				  TYPE     VALUE	LINE
------------------------------------------------------------
??ASEM_51			  NUMBER    8051
??VERSION			  NUMBER    0130
AC				  BIT	      D6
ACC				  DATA	      E0
B				  DATA	      F0
CY				  BIT	      D7
DPH				  DATA	      83
DPL				  DATA	      82
EA				  BIT	      AF
ES				  BIT	      AC
ET0				  BIT	      A9
ET1				  BIT	      AB
EX0				  BIT	      A8
EX1				  BIT	      AA
EXTI0				  CODE	    0003
EXTI1				  CODE	    0013
F0				  BIT	      D5
IE				  DATA	      A8
IE0				  BIT	      89
IE1				  BIT	      8B
INT0				  BIT	      B2
INT1				  BIT	      B3
IP				  DATA	      B8
IT0				  BIT	      88
IT1				  BIT	      8A
KECEPATANDUA			  CODE	    0015	  12
KECEPATANSATU			  CODE	    000C	   7
OV				  BIT	      D2
P				  BIT	      D0
P0				  DATA	      80
P1				  DATA	      90
P2				  DATA	      A0
P3				  DATA	      B0
PCON				  DATA	      87
PS				  BIT	      BC
PSW				  DATA	      D0
PT0				  BIT	      B9
PT1				  BIT	      BB
PX0				  BIT	      B8
PX1				  BIT	      BA
RB8				  BIT	      9A
RD				  BIT	      B7
REN				  BIT	      9C
RESET				  CODE	    0000
RI				  BIT	      98
RS0				  BIT	      D3
RS1				  BIT	      D4
RXD				  BIT	      B0
SBUF				  DATA	      99
SCON				  DATA	      98

ASEM-51 V1.3                                         Copyright (c) 2002 by W.W. Heinz                                         PAGE 3



SYMBOL				  TYPE     VALUE	LINE
------------------------------------------------------------
SINT				  CODE	    0023
SM0				  BIT	      9F
SM1				  BIT	      9E
SM2				  BIT	      9D
SP				  DATA	      81
T0				  BIT	      B4
T1				  BIT	      B5
TB8				  BIT	      9B
TCON				  DATA	      88
TF0				  BIT	      8D
TF1				  BIT	      8F
TH0				  DATA	      8C
TH1				  DATA	      8D
TI				  BIT	      99
TIMER0				  CODE	    000B
TIMER1				  CODE	    001B
TL0				  DATA	      8A
TL1				  DATA	      8B
TMOD				  DATA	      89
TR0				  BIT	      8C
TR1				  BIT	      8E
TXD				  BIT	      B1
WR				  BIT	      B6
